<?xml version="1.0" encoding="UTF-8"?>
<!-- Generated by org.testng.reporters.JUnitXMLReporter -->
<testsuite ignored="1" hostname="LAPTOP-644D0OPQ" failures="0" tests="5" name="Default test" time="0.166" errors="0" timestamp="2022-02-08T12:24:12 IST">
  <testcase classname="com.TestNG_RunnerClass.TestNgRunner" name="@BeforeTest browserLaunch" time="-1.644303252026E9">
    <failure type="org.testng.TestNGException" message="
Parameter &amp;apos;browser&amp;apos; is required by BeforeTest on method browserLaunch but has not been marked @Optional or defined
in C:\Users\heman\AppData\Local\Temp\testng-eclipse--1574791933\testng-customsuite.xml">
      <![CDATA[org.testng.TestNGException: 
Parameter 'browser' is required by BeforeTest on method browserLaunch but has not been marked @Optional or defined
in C:\Users\heman\AppData\Local\Temp\testng-eclipse--1574791933\testng-customsuite.xml
at org.testng.internal.Parameters.createParams(Parameters.java:270)
at org.testng.internal.Parameters.createParametersForMethod(Parameters.java:358)
at org.testng.internal.Parameters.createParameters(Parameters.java:700)
at org.testng.internal.Parameters.createConfigurationParameters(Parameters.java:168)
at org.testng.internal.ConfigInvoker.invokeConfigurations(ConfigInvoker.java:302)
at org.testng.TestRunner.invokeTestConfigurations(TestRunner.java:637)
at org.testng.TestRunner.beforeRun(TestRunner.java:627)
at org.testng.TestRunner.run(TestRunner.java:589)
at org.testng.SuiteRunner.runTest(SuiteRunner.java:377)
at org.testng.SuiteRunner.runSequentially(SuiteRunner.java:371)
at org.testng.SuiteRunner.privateRun(SuiteRunner.java:332)
at org.testng.SuiteRunner.run(SuiteRunner.java:276)
at org.testng.SuiteRunnerWorker.runSuite(SuiteRunnerWorker.java:53)
at org.testng.SuiteRunnerWorker.run(SuiteRunnerWorker.java:96)
at org.testng.TestNG.runSuitesSequentially(TestNG.java:1212)
at org.testng.TestNG.runSuitesLocally(TestNG.java:1134)
at org.testng.TestNG.runSuites(TestNG.java:1063)
at org.testng.TestNG.run(TestNG.java:1031)
at org.testng.remote.AbstractRemoteTestNG.run(AbstractRemoteTestNG.java:115)
at org.testng.remote.RemoteTestNG.initAndRun(RemoteTestNG.java:251)
at org.testng.remote.RemoteTestNG.main(RemoteTestNG.java:77)
]]>
    </failure>
  </testcase> <!-- @BeforeTest browserLaunch -->
  <testcase classname="com.TestNG_RunnerClass.TestNgRunner" name="@BeforeClass urlLaunch" time="-1.644303252084E9">
    <skipped/>
  </testcase> <!-- @BeforeClass urlLaunch -->
  <testcase classname="com.TestNG_RunnerClass.TestNgRunner" name="@BeforeMethod signIn" time="-1.644303252118E9">
    <skipped/>
  </testcase> <!-- @BeforeMethod signIn -->
  <testcase classname="com.TestNG_RunnerClass.TestNgRunner" name="@AfterMethod signOut" time="-1.644303252132E9">
    <skipped/>
  </testcase> <!-- @AfterMethod signOut -->
  <testcase classname="com.TestNG_RunnerClass.TestNgRunner" name="@BeforeMethod signIn" time="-1.644303252138E9">
    <skipped/>
  </testcase> <!-- @BeforeMethod signIn -->
  <testcase classname="com.TestNG_RunnerClass.TestNgRunner" name="@AfterMethod signOut" time="-1.644303252149E9">
    <skipped/>
  </testcase> <!-- @AfterMethod signOut -->
  <testcase classname="com.TestNG_RunnerClass.TestNgRunner" name="@BeforeMethod signIn" time="-1.644303252151E9">
    <skipped/>
  </testcase> <!-- @BeforeMethod signIn -->
  <testcase classname="com.TestNG_RunnerClass.TestNgRunner" name="@AfterMethod signOut" time="-1.64430325216E9">
    <skipped/>
  </testcase> <!-- @AfterMethod signOut -->
  <testcase classname="com.TestNG_RunnerClass.TestNgRunner" name="@BeforeMethod signIn" time="-1.644303252162E9">
    <skipped/>
  </testcase> <!-- @BeforeMethod signIn -->
  <testcase classname="com.TestNG_RunnerClass.TestNgRunner" name="@AfterMethod signOut" time="-1.64430325217E9">
    <skipped/>
  </testcase> <!-- @AfterMethod signOut -->
  <testcase classname="com.TestNG_RunnerClass.TestNgRunner" name="@AfterClass logOutValidate" time="-1.64430325218E9">
    <skipped/>
  </testcase> <!-- @AfterClass logOutValidate -->
  <testcase classname="com.TestNG_RunnerClass.TestNgRunner" name="@AfterTest browserClose" time="-1.644303252181E9">
    <skipped/>
  </testcase> <!-- @AfterTest browserClose -->
  <testcase classname="com.TestNG_RunnerClass.TestNgRunner" name="women" time="0.0">
    <skipped/>
  </testcase> <!-- women -->
  <testcase classname="com.TestNG_RunnerClass.TestNgRunner" name="dresses" time="0.0">
    <skipped/>
  </testcase> <!-- dresses -->
  <testcase classname="com.TestNG_RunnerClass.TestNgRunner" name="blouses" time="0.0">
    <skipped/>
  </testcase> <!-- blouses -->
  <testcase classname="com.TestNG_RunnerClass.TestNgRunner" name="blouses" time="0.0">
    <skipped/>
  </testcase> <!-- blouses -->
  <testcase classname="com.TestNG_RunnerClass.TestNgRunner" name="womenTshirt" time="0.0">
    <skipped/>
  </testcase> <!-- womenTshirt -->
  <testcase classname="com.TestNG_RunnerClass.TestNgRunner" name="summerDresses" time="0.0">
    <ignored/>
  </testcase> <!-- summerDresses -->
</testsuite> <!-- Default test -->
