<?xml version="1.0" encoding="UTF-8"?>
<!-- Generated by org.testng.reporters.JUnitXMLReporter -->
<testsuite ignored="2" hostname="LAPTOP-644D0OPQ" failures="0" tests="2" name="Features" time="0.076" errors="0" timestamp="2021-12-22T22:05:01 IST">
  <testcase classname="com.TestNg.FeatureFiles" name="tShirts" time="0.007"/>
  <testcase classname="com.TestNg.FeatureFiles" name="women" time="0.003"/>
  <testcase classname="com.TestNg.FeatureFiles" name="dresses" time="0.0">
    <ignored/>
  </testcase> <!-- dresses -->
  <testcase classname="com.TestNg.FeatureFiles" name="refresh" time="0.0">
    <ignored/>
  </testcase> <!-- refresh -->
</testsuite> <!-- Features -->
